-------------------------------------------------------------------------------
Test set: com.browserstack.run_first_test.FirstTest
-------------------------------------------------------------------------------
Tests run: 6, Failures: 0, Errors: 5, Skipped: 0, Time elapsed: 103.288 s <<< FAILURE! - in com.browserstack.run_first_test.FirstTest
test{int}[1]  Time elapsed: 26.3 s  <<< ERROR!
org.openqa.selenium.NoSuchElementException: 
An element could not be located on the page using the given search parameters. (WARNING: The server did not provide any stacktrace information)
Command duration or timeout: 0 milliseconds
For documentation on this error, please visit: https://www.seleniumhq.org/exceptions/no_such_element.html
Build info: version: '3.141.59', revision: 'e82be7d358', time: '2018-11-14T08:17:03'
System info: host: 'INSPIRION15', ip: '192.168.1.100', os.name: 'Windows 10', os.arch: 'amd64', os.version: '10.0', java.version: '1.8.0_202'
Driver info: io.appium.java_client.android.AndroidDriver
Capabilities {64bit: false, acceptSslCert: false, acceptSslCerts: false, adbExecTimeout: 120000, appActivity: com.combateafraude.demo.Sta..., appPackage: com.combateafraude.demo, automationName: uiautomator2, browserstack.appium_version: 1.17.0, browserstack.is_hub_canary: false, browserstack.minOSVersion: 5.0, buildName: browserstack-build-1, bundleID: com.combateafraude.demo, bundleId: com.combateafraude.demo, capabilities: {64bit: false, acceptSslCert: false, acceptSslCerts: false, adbExecTimeout: 120000, appActivity: com.combateafraude.demo.Sta..., appPackage: com.combateafraude.demo, automationName: uiautomator2, browserstack.appium_version: 1.17.0, browserstack.is_hub_canary: false, browserstack.minOSVersion: 5.0, buildName: browserstack-build-1, bundleID: com.combateafraude.demo, bundleId: com.combateafraude.demo, chromeOptions: {w3c: false}, chromedriverPort: 18080, chromedriverPorts: [[18100, 18110]], databaseEnabled: false, detected_language: selenium/3.141.59 (java win..., device: huawei p30, deviceApiLevel: 28, deviceManufacturer: HUAWEI, deviceModel: ELE-L09, deviceName: WCV5T19318001858, deviceScreenDensity: 480, deviceScreenSize: 1080x2340, deviceUDID: WCV5T19318001858, disableSuppressAccessibilityService: true, enablePerformanceLogging: false, javascriptEnabled: true, locationContextEnabled: false, mobile: {browser: mobile, version: Huawei P30-9.0}, nativeWebScreenshot: true, networkConnectionEnabled: true, newCommandTimeout: 0, new_bucketing: true, orig_os: android, osVersion: 9.0, os_version: 9.0, pixelRatio: 3, platform: ANDROID, platformName: Android, platformVersion: 9, projectName: First Junit5 Android Project, realMobile: true, sessionId: 1c3ad2dfd9b70c78ad910b3f548..., sessionName: TypeAny_Session, skipServerInstallation: true, statBarHeight: 75, systemPort: 8200, takesScreenshot: true, udid: WCV5T19318001858, uiautomator2ServerLaunchTimeout: 60000, version: , viewportRect: {height: 2064, left: 0, top: 75, width: 1080}, warnings: {}, webStorageEnabled: false}, chromeOptions: {w3c: false}, chromedriverPort: 18080, chromedriverPorts: [[18100, 18110]], databaseEnabled: false, detected_language: selenium/3.141.59 (java win..., device: huawei p30, deviceApiLevel: 28, deviceManufacturer: HUAWEI, deviceModel: ELE-L09, deviceName: WCV5T19318001858, deviceScreenDensity: 480, deviceScreenSize: 1080x2340, deviceUDID: WCV5T19318001858, disableSuppressAccessibilityService: true, enablePerformanceLogging: false, javascriptEnabled: true, locationContextEnabled: false, mobile: {browser: mobile, version: Huawei P30-9.0}, nativeWebScreenshot: true, networkConnectionEnabled: true, newCommandTimeout: 0, new_bucketing: true, orig_os: android, osVersion: 9.0, os_version: 9.0, pixelRatio: 3, platform: ANDROID, platformName: Android, platformVersion: 9, projectName: First Junit5 Android Project, realMobile: true, sessionId: 1c3ad2dfd9b70c78ad910b3f548..., sessionName: TypeAny_Session, skipServerInstallation: true, statBarHeight: 75, systemPort: 8200, takesScreenshot: true, udid: WCV5T19318001858, uiautomator2ServerLaunchTimeout: 60000, version: , viewportRect: {height: 2064, left: 0, top: 75, width: 1080}, warnings: {}, webStorageEnabled: false}
Session ID: 1c3ad2dfd9b70c78ad910b3f548a101184a12092
*** Element info: {Using=xpath, value=//*[@text='Allow']}
	at com.browserstack.run_first_test.FirstTest.test(FirstTest.java:42)

test{int}[4]  Time elapsed: 48.061 s  <<< ERROR!
org.openqa.selenium.NoSuchElementException: 
An element could not be located on the page using the given search parameters. (WARNING: The server did not provide any stacktrace information)
Command duration or timeout: 0 milliseconds
For documentation on this error, please visit: https://www.seleniumhq.org/exceptions/no_such_element.html
Build info: version: '3.141.59', revision: 'e82be7d358', time: '2018-11-14T08:17:03'
System info: host: 'INSPIRION15', ip: '192.168.1.100', os.name: 'Windows 10', os.arch: 'amd64', os.version: '10.0', java.version: '1.8.0_202'
Driver info: io.appium.java_client.android.AndroidDriver
Capabilities {64bit: false, acceptSslCert: false, acceptSslCerts: false, adbExecTimeout: 120000, appActivity: com.combateafraude.demo.Sta..., appPackage: com.combateafraude.demo, automationName: uiautomator2, browserstack.appium_version: 1.17.0, browserstack.is_hub_canary: false, browserstack.minOSVersion: 5.0, buildName: browserstack-build-1, bundleID: com.combateafraude.demo, bundleId: com.combateafraude.demo, capabilities: {64bit: false, acceptSslCert: false, acceptSslCerts: false, adbExecTimeout: 120000, appActivity: com.combateafraude.demo.Sta..., appPackage: com.combateafraude.demo, automationName: uiautomator2, browserstack.appium_version: 1.17.0, browserstack.is_hub_canary: false, browserstack.minOSVersion: 5.0, buildName: browserstack-build-1, bundleID: com.combateafraude.demo, bundleId: com.combateafraude.demo, chromeOptions: {w3c: false}, chromedriverPort: 18081, chromedriverPorts: [[18111, 18121]], databaseEnabled: false, detected_language: selenium/3.141.59 (java win..., device: samsung galaxy s8, deviceApiLevel: 24, deviceManufacturer: samsung, deviceModel: SM-G950F, deviceName: ce04171450e51cb60d, deviceScreenDensity: 640, deviceScreenSize: 1440x2960, deviceUDID: ce04171450e51cb60d, enablePerformanceLogging: false, javascriptEnabled: true, locationContextEnabled: false, mobile: {browser: mobile, version: Samsung Galaxy S8-7.0}, nativeWebScreenshot: true, networkConnectionEnabled: true, newCommandTimeout: 0, new_bucketing: true, orig_os: android, osVersion: 7.0, os_version: 7.0, pixelRatio: 4, platform: ANDROID, platformName: Android, platformVersion: 7.0, projectName: First Junit5 Android Project, realMobile: true, sessionId: 243777556369af66b222d7dd99a..., sessionName: TypeAny_Session, skipServerInstallation: true, statBarHeight: 96, systemPort: 8201, takesScreenshot: true, udid: ce04171450e51cb60d, uiautomator2ServerLaunchTimeout: 60000, version: , viewportRect: {height: 2672, left: 0, top: 96, width: 1440}, warnings: {}, webStorageEnabled: false}, chromeOptions: {w3c: false}, chromedriverPort: 18081, chromedriverPorts: [[18111, 18121]], databaseEnabled: false, detected_language: selenium/3.141.59 (java win..., device: samsung galaxy s8, deviceApiLevel: 24, deviceManufacturer: samsung, deviceModel: SM-G950F, deviceName: ce04171450e51cb60d, deviceScreenDensity: 640, deviceScreenSize: 1440x2960, deviceUDID: ce04171450e51cb60d, enablePerformanceLogging: false, javascriptEnabled: true, locationContextEnabled: false, mobile: {browser: mobile, version: Samsung Galaxy S8-7.0}, nativeWebScreenshot: true, networkConnectionEnabled: true, newCommandTimeout: 0, new_bucketing: true, orig_os: android, osVersion: 7.0, os_version: 7.0, pixelRatio: 4, platform: ANDROID, platformName: Android, platformVersion: 7.0, projectName: First Junit5 Android Project, realMobile: true, sessionId: 243777556369af66b222d7dd99a..., sessionName: TypeAny_Session, skipServerInstallation: true, statBarHeight: 96, systemPort: 8201, takesScreenshot: true, udid: ce04171450e51cb60d, uiautomator2ServerLaunchTimeout: 60000, version: , viewportRect: {height: 2672, left: 0, top: 96, width: 1440}, warnings: {}, webStorageEnabled: false}
Session ID: 243777556369af66b222d7dd99a136888e180aaa
*** Element info: {Using=xpath, value=//*[@text='Allow']}
	at com.browserstack.run_first_test.FirstTest.test(FirstTest.java:42)

test{int}[3]  Time elapsed: 69.71 s  <<< ERROR!
org.openqa.selenium.NoSuchElementException: 
An element could not be located on the page using the given search parameters. (WARNING: The server did not provide any stacktrace information)
Command duration or timeout: 0 milliseconds
For documentation on this error, please visit: https://www.seleniumhq.org/exceptions/no_such_element.html
Build info: version: '3.141.59', revision: 'e82be7d358', time: '2018-11-14T08:17:03'
System info: host: 'INSPIRION15', ip: '192.168.1.100', os.name: 'Windows 10', os.arch: 'amd64', os.version: '10.0', java.version: '1.8.0_202'
Driver info: io.appium.java_client.android.AndroidDriver
Capabilities {64bit: false, acceptSslCert: false, acceptSslCerts: false, adbExecTimeout: 120000, appActivity: com.combateafraude.demo.Sta..., appPackage: com.combateafraude.demo, automationName: uiautomator2, browserstack.appium_version: 1.17.0, browserstack.is_hub_canary: false, browserstack.minOSVersion: 5.0, buildName: browserstack-build-1, bundleID: com.combateafraude.demo, bundleId: com.combateafraude.demo, capabilities: {64bit: false, acceptSslCert: false, acceptSslCerts: false, adbExecTimeout: 120000, appActivity: com.combateafraude.demo.Sta..., appPackage: com.combateafraude.demo, automationName: uiautomator2, browserstack.appium_version: 1.17.0, browserstack.is_hub_canary: false, browserstack.minOSVersion: 5.0, buildName: browserstack-build-1, bundleID: com.combateafraude.demo, bundleId: com.combateafraude.demo, chromeOptions: {w3c: false}, chromedriverPort: 18080, chromedriverPorts: [[18100, 18110]], databaseEnabled: false, detected_language: selenium/3.141.59 (java win..., device: google pixel, deviceApiLevel: 25, deviceManufacturer: Google, deviceModel: Pixel, deviceName: FA75F0301177, deviceScreenDensity: 420, deviceScreenSize: 1080x1920, deviceUDID: FA75F0301177, enablePerformanceLogging: false, javascriptEnabled: true, locationContextEnabled: false, mobile: {browser: mobile, version: Google Pixel-7.1}, nativeWebScreenshot: true, networkConnectionEnabled: true, newCommandTimeout: 0, new_bucketing: true, orig_os: android, osVersion: 7.1, os_version: 7.1, pixelRatio: 2.625, platform: ANDROID, platformName: Android, platformVersion: 7.1, projectName: First Junit5 Android Project, realMobile: true, sessionId: fd1555148c76b86af8c7048c7c7..., sessionName: TypeAny_Session, skipServerInstallation: true, statBarHeight: 63, systemPort: 8200, takesScreenshot: true, udid: FA75F0301177, uiautomator2ServerLaunchTimeout: 60000, version: , viewportRect: {height: 1731, left: 0, top: 63, width: 1080}, warnings: {}, webStorageEnabled: false}, chromeOptions: {w3c: false}, chromedriverPort: 18080, chromedriverPorts: [[18100, 18110]], databaseEnabled: false, detected_language: selenium/3.141.59 (java win..., device: google pixel, deviceApiLevel: 25, deviceManufacturer: Google, deviceModel: Pixel, deviceName: FA75F0301177, deviceScreenDensity: 420, deviceScreenSize: 1080x1920, deviceUDID: FA75F0301177, enablePerformanceLogging: false, javascriptEnabled: true, locationContextEnabled: false, mobile: {browser: mobile, version: Google Pixel-7.1}, nativeWebScreenshot: true, networkConnectionEnabled: true, newCommandTimeout: 0, new_bucketing: true, orig_os: android, osVersion: 7.1, os_version: 7.1, pixelRatio: 2.625, platform: ANDROID, platformName: Android, platformVersion: 7.1, projectName: First Junit5 Android Project, realMobile: true, sessionId: fd1555148c76b86af8c7048c7c7..., sessionName: TypeAny_Session, skipServerInstallation: true, statBarHeight: 63, systemPort: 8200, takesScreenshot: true, udid: FA75F0301177, uiautomator2ServerLaunchTimeout: 60000, version: , viewportRect: {height: 1731, left: 0, top: 63, width: 1080}, warnings: {}, webStorageEnabled: false}
Session ID: fd1555148c76b86af8c7048c7c78b71ff3ac5f87
*** Element info: {Using=xpath, value=//*[@text='Allow']}
	at com.browserstack.run_first_test.FirstTest.test(FirstTest.java:42)

test{int}[5]  Time elapsed: 94.195 s  <<< ERROR!
org.openqa.selenium.TimeoutException: Expected condition failed: waiting for element to be clickable: By.xpath: //*[@text='OK, understood'] (tried for 30 second(s) with 500 milliseconds interval)
	at com.browserstack.run_first_test.FirstTest.test(FirstTest.java:61)
Caused by: org.openqa.selenium.NoSuchElementException: 
An element could not be located on the page using the given search parameters. (WARNING: The server did not provide any stacktrace information)
Command duration or timeout: 0 milliseconds
For documentation on this error, please visit: https://www.seleniumhq.org/exceptions/no_such_element.html
Build info: version: '3.141.59', revision: 'e82be7d358', time: '2018-11-14T08:17:03'
System info: host: 'INSPIRION15', ip: '192.168.1.100', os.name: 'Windows 10', os.arch: 'amd64', os.version: '10.0', java.version: '1.8.0_202'
Driver info: io.appium.java_client.android.AndroidDriver
Capabilities {64bit: false, acceptSslCert: false, acceptSslCerts: false, adbExecTimeout: 120000, appActivity: com.combateafraude.demo.Sta..., appPackage: com.combateafraude.demo, automationName: uiautomator2, browserstack.appium_version: 1.17.0, browserstack.is_hub_canary: false, browserstack.minOSVersion: 5.0, buildName: browserstack-build-1, bundleID: com.combateafraude.demo, bundleId: com.combateafraude.demo, capabilities: {64bit: false, acceptSslCert: false, acceptSslCerts: false, adbExecTimeout: 120000, appActivity: com.combateafraude.demo.Sta..., appPackage: com.combateafraude.demo, automationName: uiautomator2, browserstack.appium_version: 1.17.0, browserstack.is_hub_canary: false, browserstack.minOSVersion: 5.0, buildName: browserstack-build-1, bundleID: com.combateafraude.demo, bundleId: com.combateafraude.demo, chromeOptions: {w3c: false}, chromedriverPort: 18082, chromedriverPorts: [[18122, 18132]], databaseEnabled: false, detected_language: selenium/3.141.59 (java win..., device: samsung galaxy s7, deviceApiLevel: 23, deviceManufacturer: samsung, deviceModel: SM-G930F, deviceName: ce11160b4453902301, deviceScreenDensity: 640, deviceScreenSize: 1440x2560, deviceUDID: ce11160b4453902301, enablePerformanceLogging: false, javascriptEnabled: true, locationContextEnabled: false, mobile: {browser: mobile, version: Samsung Galaxy S7-6.0}, nativeWebScreenshot: true, networkConnectionEnabled: true, newCommandTimeout: 0, new_bucketing: true, orig_os: android, osVersion: 6.0, os_version: 6.0, pixelRatio: 4, platform: ANDROID, platformName: Android, platformVersion: 6.0.1, projectName: First Junit5 Android Project, realMobile: true, sessionId: fcdd2dd58e5e06698ffb046f22b..., sessionName: TypeAny_Session, skipServerInstallation: true, statBarHeight: 96, systemPort: 8202, takesScreenshot: true, udid: ce11160b4453902301, uiautomator2ServerLaunchTimeout: 60000, version: , viewportRect: {height: 2464, left: 0, top: 96, width: 1440}, warnings: {}, webStorageEnabled: false}, chromeOptions: {w3c: false}, chromedriverPort: 18082, chromedriverPorts: [[18122, 18132]], databaseEnabled: false, detected_language: selenium/3.141.59 (java win..., device: samsung galaxy s7, deviceApiLevel: 23, deviceManufacturer: samsung, deviceModel: SM-G930F, deviceName: ce11160b4453902301, deviceScreenDensity: 640, deviceScreenSize: 1440x2560, deviceUDID: ce11160b4453902301, enablePerformanceLogging: false, javascriptEnabled: true, locationContextEnabled: false, mobile: {browser: mobile, version: Samsung Galaxy S7-6.0}, nativeWebScreenshot: true, networkConnectionEnabled: true, newCommandTimeout: 0, new_bucketing: true, orig_os: android, osVersion: 6.0, os_version: 6.0, pixelRatio: 4, platform: ANDROID, platformName: Android, platformVersion: 6.0.1, projectName: First Junit5 Android Project, realMobile: true, sessionId: fcdd2dd58e5e06698ffb046f22b..., sessionName: TypeAny_Session, skipServerInstallation: true, statBarHeight: 96, systemPort: 8202, takesScreenshot: true, udid: ce11160b4453902301, uiautomator2ServerLaunchTimeout: 60000, version: , viewportRect: {height: 2464, left: 0, top: 96, width: 1440}, warnings: {}, webStorageEnabled: false}
Session ID: fcdd2dd58e5e06698ffb046f22b130049619443a
*** Element info: {Using=xpath, value=//*[@text='OK, understood']}
	at com.browserstack.run_first_test.FirstTest.test(FirstTest.java:61)

test{int}[2]  Time elapsed: 103.251 s  <<< ERROR!
org.openqa.selenium.TimeoutException: Expected condition failed: waiting for element to be clickable: By.xpath: //*[@text='OK, understood'] (tried for 30 second(s) with 500 milliseconds interval)
	at com.browserstack.run_first_test.FirstTest.test(FirstTest.java:61)
Caused by: org.openqa.selenium.NoSuchElementException: 
An element could not be located on the page using the given search parameters. (WARNING: The server did not provide any stacktrace information)
Command duration or timeout: 0 milliseconds
For documentation on this error, please visit: https://www.seleniumhq.org/exceptions/no_such_element.html
Build info: version: '3.141.59', revision: 'e82be7d358', time: '2018-11-14T08:17:03'
System info: host: 'INSPIRION15', ip: '192.168.1.100', os.name: 'Windows 10', os.arch: 'amd64', os.version: '10.0', java.version: '1.8.0_202'
Driver info: io.appium.java_client.android.AndroidDriver
Capabilities {64bit: false, acceptSslCert: false, acceptSslCerts: false, adbExecTimeout: 120000, appActivity: com.combateafraude.demo.Sta..., appPackage: com.combateafraude.demo, automationName: uiautomator2, browserstack.appium_version: 1.17.0, browserstack.is_hub_canary: false, browserstack.minOSVersion: 5.0, buildName: browserstack-build-1, bundleID: com.combateafraude.demo, bundleId: com.combateafraude.demo, capabilities: {64bit: false, acceptSslCert: false, acceptSslCerts: false, adbExecTimeout: 120000, appActivity: com.combateafraude.demo.Sta..., appPackage: com.combateafraude.demo, automationName: uiautomator2, browserstack.appium_version: 1.17.0, browserstack.is_hub_canary: false, browserstack.minOSVersion: 5.0, buildName: browserstack-build-1, bundleID: com.combateafraude.demo, bundleId: com.combateafraude.demo, chromeOptions: {w3c: false}, chromedriverPort: 18084, chromedriverPorts: [[18144, 18154]], databaseEnabled: false, detected_language: selenium/3.141.59 (java win..., device: google nexus 6, deviceApiLevel: 23, deviceManufacturer: motorola, deviceModel: Nexus 6, deviceName: ZX1G425RZT, deviceScreenDensity: 560, deviceScreenSize: 1440x2560, deviceUDID: ZX1G425RZT, enablePerformanceLogging: false, javascriptEnabled: true, locationContextEnabled: false, mobile: {browser: mobile, version: Google Nexus 6-6.0}, nativeWebScreenshot: true, networkConnectionEnabled: true, newCommandTimeout: 0, new_bucketing: true, orig_os: android, osVersion: 6.0, os_version: 6.0, pixelRatio: 3.5, platform: ANDROID, platformName: Android, platformVersion: 6.0, projectName: First Junit5 Android Project, realMobile: true, sessionId: b618965f8c54c8410bb5a858c31..., sessionName: TypeAny_Session, skipServerInstallation: true, statBarHeight: 84, systemPort: 8204, takesScreenshot: true, udid: ZX1G425RZT, uiautomator2ServerLaunchTimeout: 60000, version: , viewportRect: {height: 2308, left: 0, top: 84, width: 1440}, warnings: {}, webStorageEnabled: false}, chromeOptions: {w3c: false}, chromedriverPort: 18084, chromedriverPorts: [[18144, 18154]], databaseEnabled: false, detected_language: selenium/3.141.59 (java win..., device: google nexus 6, deviceApiLevel: 23, deviceManufacturer: motorola, deviceModel: Nexus 6, deviceName: ZX1G425RZT, deviceScreenDensity: 560, deviceScreenSize: 1440x2560, deviceUDID: ZX1G425RZT, enablePerformanceLogging: false, javascriptEnabled: true, locationContextEnabled: false, mobile: {browser: mobile, version: Google Nexus 6-6.0}, nativeWebScreenshot: true, networkConnectionEnabled: true, newCommandTimeout: 0, new_bucketing: true, orig_os: android, osVersion: 6.0, os_version: 6.0, pixelRatio: 3.5, platform: ANDROID, platformName: Android, platformVersion: 6.0, projectName: First Junit5 Android Project, realMobile: true, sessionId: b618965f8c54c8410bb5a858c31..., sessionName: TypeAny_Session, skipServerInstallation: true, statBarHeight: 84, systemPort: 8204, takesScreenshot: true, udid: ZX1G425RZT, uiautomator2ServerLaunchTimeout: 60000, version: , viewportRect: {height: 2308, left: 0, top: 84, width: 1440}, warnings: {}, webStorageEnabled: false}
Session ID: b618965f8c54c8410bb5a858c3190fbbfd12bedb
*** Element info: {Using=xpath, value=//*[@text='OK, understood']}
	at com.browserstack.run_first_test.FirstTest.test(FirstTest.java:61)

